<?xml version="1.0" encoding="UTF-8"?>
<!-- Generated by org.testng.reporters.JUnitXMLReporter -->
<testsuite ignored="0" hostname="DESKTOP-IC95140" failures="0" tests="1" name="Test_Edge" time="8.649" errors="0" timestamp="2022-07-07T12:13:37 IST">
  <testcase classname="com.Utility.BaseClass" name="@BeforeMethod setup" time="8.582">
    <failure type="org.openqa.selenium.WebDriverException" message="unknown error: cannot find msedge binary
Build info: version: &amp;apos;3.141.59&amp;apos;, revision: &amp;apos;e82be7d358&amp;apos;, time: &amp;apos;2018-11-14T08:17:03&amp;apos;
System info: host: &amp;apos;DESKTOP-IC95140&amp;apos;, ip: &amp;apos;192.168.1.4&amp;apos;, os.name: &amp;apos;Windows 10&amp;apos;, os.arch: &amp;apos;amd64&amp;apos;, os.version: &amp;apos;10.0&amp;apos;, java.version: &amp;apos;18&amp;apos;
Driver info: driver.version: EdgeDriver
remote stacktrace: Backtrace:
	Microsoft::Applications::Events::EventProperties::unpack [0x00C9B093+58259]
	Microsoft::Applications::Events::ISemanticContext::SetTicket [0x00B902A1+690545]
	Microsoft::Applications::Events::ILogConfiguration::operator* [0x00A1ACEE+3518]
	Microsoft::Applications::Events::GUID_t::GUID_t [0x00A36785+38917]
	Microsoft::Applications::Events::GUID_t::GUID_t [0x00A34239+29369]
	Microsoft::Applications::Events::GUID_t::GUID_t [0x00A5E3D5+201813]
	Microsoft::Applications::Events::GUID_t::GUID_t [0x00A5DDFE+200318]
	Microsoft::Applications::Events::GUID_t::GUID_t [0x00A592D6+181078]
	Microsoft::Applications::Events::GUID_t::GUID_t [0x00A3C786+63494]
	Microsoft::Applications::Events::GUID_t::GUID_t [0x00A3D516+66966]
	Microsoft::Applications::Events::ILogManager::DispatchEventBroadcast [0x00E926B5+668677]
	Microsoft::Applications::Events::ILogManager::DispatchEventBroadcast [0x00E05E33+93059]
	Microsoft::Applications::Events::ILogManager::DispatchEventBroadcast [0x00E05AC7+92183]
	Microsoft::Applications::Events::ILogManager::DispatchEventBroadcast [0x00E0997A+108234]
	Microsoft::Applications::Events::ILogManager::DispatchEventBroadcast [0x00E0651A+94826]
	Microsoft::Applications::Events::ISemanticContext::SetTicket [0x00BA1FDB+763563]
	Microsoft::Applications::Events::ISemanticContext::SetTicket [0x00BACB38+807432]
	Microsoft::Applications::Events::ISemanticContext::SetTicket [0x00BACCC2+807826]
	Microsoft::Applications::Events::ISemanticContext::SetTicket [0x00BBF372+883266]
	BaseThreadInitThunk [0x75276359+25]
	RtlGetAppContainerNamedObjectPath [0x77227B74+228]
	RtlGetAppContainerNamedObjectPath [0x77227B44+180]
">
      <![CDATA[org.openqa.selenium.WebDriverException: unknown error: cannot find msedge binary
Build info: version: '3.141.59', revision: 'e82be7d358', time: '2018-11-14T08:17:03'
System info: host: 'DESKTOP-IC95140', ip: '192.168.1.4', os.name: 'Windows 10', os.arch: 'amd64', os.version: '10.0', java.version: '18'
Driver info: driver.version: EdgeDriver
remote stacktrace: Backtrace:
Microsoft::Applications::Events::EventProperties::unpack [0x00C9B093+58259]
Microsoft::Applications::Events::ISemanticContext::SetTicket [0x00B902A1+690545]
Microsoft::Applications::Events::ILogConfiguration::operator* [0x00A1ACEE+3518]
Microsoft::Applications::Events::GUID_t::GUID_t [0x00A36785+38917]
Microsoft::Applications::Events::GUID_t::GUID_t [0x00A34239+29369]
Microsoft::Applications::Events::GUID_t::GUID_t [0x00A5E3D5+201813]
Microsoft::Applications::Events::GUID_t::GUID_t [0x00A5DDFE+200318]
Microsoft::Applications::Events::GUID_t::GUID_t [0x00A592D6+181078]
Microsoft::Applications::Events::GUID_t::GUID_t [0x00A3C786+63494]
Microsoft::Applications::Events::GUID_t::GUID_t [0x00A3D516+66966]
Microsoft::Applications::Events::ILogManager::DispatchEventBroadcast [0x00E926B5+668677]
Microsoft::Applications::Events::ILogManager::DispatchEventBroadcast [0x00E05E33+93059]
Microsoft::Applications::Events::ILogManager::DispatchEventBroadcast [0x00E05AC7+92183]
Microsoft::Applications::Events::ILogManager::DispatchEventBroadcast [0x00E0997A+108234]
Microsoft::Applications::Events::ILogManager::DispatchEventBroadcast [0x00E0651A+94826]
Microsoft::Applications::Events::ISemanticContext::SetTicket [0x00BA1FDB+763563]
Microsoft::Applications::Events::ISemanticContext::SetTicket [0x00BACB38+807432]
Microsoft::Applications::Events::ISemanticContext::SetTicket [0x00BACCC2+807826]
Microsoft::Applications::Events::ISemanticContext::SetTicket [0x00BBF372+883266]
BaseThreadInitThunk [0x75276359+25]
RtlGetAppContainerNamedObjectPath [0x77227B74+228]
RtlGetAppContainerNamedObjectPath [0x77227B44+180]

at org.openqa.selenium.remote.W3CHandshakeResponse.lambda$errorHandler$0(W3CHandshakeResponse.java:62)
at org.openqa.selenium.remote.HandshakeResponse.lambda$getResponseFunction$0(HandshakeResponse.java:30)
at org.openqa.selenium.remote.ProtocolHandshake.lambda$createSession$0(ProtocolHandshake.java:126)
at java.base/java.util.stream.ReferencePipeline$3$1.accept(ReferencePipeline.java:197)
at java.base/java.util.Spliterators$ArraySpliterator.tryAdvance(Spliterators.java:1002)
at java.base/java.util.stream.ReferencePipeline.forEachWithCancel(ReferencePipeline.java:129)
at java.base/java.util.stream.AbstractPipeline.copyIntoWithCancel(AbstractPipeline.java:527)
at java.base/java.util.stream.AbstractPipeline.copyInto(AbstractPipeline.java:513)
at java.base/java.util.stream.AbstractPipeline.wrapAndCopyInto(AbstractPipeline.java:499)
at java.base/java.util.stream.FindOps$FindOp.evaluateSequential(FindOps.java:150)
at java.base/java.util.stream.AbstractPipeline.evaluate(AbstractPipeline.java:234)
at java.base/java.util.stream.ReferencePipeline.findFirst(ReferencePipeline.java:647)
at org.openqa.selenium.remote.ProtocolHandshake.createSession(ProtocolHandshake.java:128)
at org.openqa.selenium.remote.ProtocolHandshake.createSession(ProtocolHandshake.java:74)
at org.openqa.selenium.remote.HttpCommandExecutor.execute(HttpCommandExecutor.java:136)
at org.openqa.selenium.remote.service.DriverCommandExecutor.execute(DriverCommandExecutor.java:83)
at org.openqa.selenium.remote.RemoteWebDriver.execute(RemoteWebDriver.java:552)
at org.openqa.selenium.remote.RemoteWebDriver.startSession(RemoteWebDriver.java:213)
at org.openqa.selenium.remote.RemoteWebDriver.<init>(RemoteWebDriver.java:131)
at org.openqa.selenium.edge.EdgeDriver.<init>(EdgeDriver.java:141)
at org.openqa.selenium.edge.EdgeDriver.<init>(EdgeDriver.java:96)
at com.Utility.BaseClass.setup(BaseClass.java:38)
at java.base/java.util.ArrayList.forEach(ArrayList.java:1511)
... Removed 32 stack frames]]>
    </failure>
  </testcase> <!-- @BeforeMethod setup -->
  <testcase classname="com.Utility.BaseClass" name="@AfterMethod teardown" time="-1.657176217869E9">
    <skipped/>
  </testcase> <!-- @AfterMethod teardown -->
  <testcase classname="com.Test.VerifyLoginTest" name="verify_tc_01_withvalidlogincredential" time="0.0">
    <skipped/>
  </testcase> <!-- verify_tc_01_withvalidlogincredential -->
</testsuite> <!-- Test_Edge -->
