<!DOCTYPE html PUBLIC "-//W3C//DTD XHTML 1.1//EN" "https://www.w3.org/TR/xhtml11/DTD/xhtml11.dtd">
<html xmlns="https://www.w3.org/1999/xhtml">
<head>
<meta http-equiv="content-type" content="text/html; charset=UTF-8"/>
<title>TestNG Report</title>
<style type="text/css">table {margin-bottom:10px;border-collapse:collapse;empty-cells:show}th,td {border:1px solid #009;padding:.25em .5em}th {vertical-align:bottom}td {vertical-align:top}table a {font-weight:bold}.stripe td {background-color: #E6EBF9}.num {text-align:right}.passedodd td {background-color: #3F3}.passedeven td {background-color: #0A0}.skippedodd td {background-color: #DDD}.skippedeven td {background-color: #CCC}.failedodd td,.attn {background-color: #F33}.failedeven td,.stripe .attn {background-color: #D00}.stacktrace {white-space:pre;font-family:monospace}.totop {font-size:85%;text-align:center;border-bottom:2px solid #000}.invisible {display:none}</style>
</head>
<body>
<table>
<tr><th>Test</th><th># Passed</th><th># Skipped</th><th># Retried</th><th># Failed</th><th>Time (ms)</th><th>Included Groups</th><th>Excluded Groups</th></tr>
<tr><th colspan="8">Suite</th></tr>
<tr><td><a href="#t0">Test_Chrome</a></td><td class="num">1</td><td class="num">0</td><td class="num">0</td><td class="num">0</td><td class="num">45,549</td><td></td><td></td></tr>
<tr class="stripe"><td><a href="#t1">Test_Edge</a></td><td class="num">0</td><td class="num attn">1</td><td class="num">0</td><td class="num">0</td><td class="num">8,649</td><td></td><td></td></tr>
<tr><th>Total</th><th class="num">1</th><th class="num attn">1</th><th class="num">0</th><th class="num">0</th><th class="num">54,198</th><th colspan="2"></th></tr>
</table>
<table id='summary'><thead><tr><th>Class</th><th>Method</th><th>Start</th><th>Time (ms)</th></tr></thead><tbody><tr><th colspan="4">Suite</th></tr></tbody><tbody id="t0"><tr><th colspan="4">Test_Chrome &#8212; passed</th></tr><tr class="passedeven"><td rowspan="1">com.Test.VerifyLoginTest</td><td><a href="#m0">verify_tc_01_withvalidlogincredential</a></td><td rowspan="1">1657176188080</td><td rowspan="1">1526</td></tr></tbody>
<tbody id="t1"><tr><th colspan="4">Test_Edge &#8212; failed (configuration methods)</th></tr><tr class="failedeven"><td rowspan="1">com.Test.VerifyLoginTest</td><td><a href="#m1">setup</a></td><td rowspan="1">1657176209229</td><td rowspan="1">8582</td></tr><tr><th colspan="4">Test_Edge &#8212; skipped (configuration methods)</th></tr><tr class="skippedeven"><td rowspan="1">com.Test.VerifyLoginTest</td><td><a href="#m2">teardown</a></td><td rowspan="1">1657176217869</td><td rowspan="1">-1657176217869</td></tr><tr><th colspan="4">Test_Edge &#8212; skipped</th></tr><tr class="skippedeven"><td rowspan="1">com.Test.VerifyLoginTest</td><td><a href="#m3">verify_tc_01_withvalidlogincredential</a></td><td rowspan="1">1657176217846</td><td rowspan="1">0</td></tr></tbody>
</table>
<h2>Test_Chrome</h2><h3 id="m0">com.Test.VerifyLoginTest#verify_tc_01_withvalidlogincredential</h3><table class="result"><tr><th class="invisible"/></tr></table><p class="totop"><a href="#summary">back to summary</a></p>
<h2>Test_Edge</h2><h3 id="m1">com.Test.VerifyLoginTest#setup</h3><table class="result"><tr class="param"><th>Parameter #1</th></tr><tr class="param stripe"><td>Edge</td></tr><tr><th>Exception</th></tr><tr><td><div class="stacktrace">org.openqa.selenium.WebDriverException: unknown error: cannot find msedge binary
Build info: version: &apos;3.141.59&apos;, revision: &apos;e82be7d358&apos;, time: &apos;2018-11-14T08:17:03&apos;
System info: host: &apos;DESKTOP-IC95140&apos;, ip: &apos;192.168.1.4&apos;, os.name: &apos;Windows 10&apos;, os.arch: &apos;amd64&apos;, os.version: &apos;10.0&apos;, java.version: &apos;18&apos;
Driver info: driver.version: EdgeDriver
remote stacktrace: Backtrace:
	Microsoft::Applications::Events::EventProperties::unpack [0x00C9B093+58259]
	Microsoft::Applications::Events::ISemanticContext::SetTicket [0x00B902A1+690545]
	Microsoft::Applications::Events::ILogConfiguration::operator* [0x00A1ACEE+3518]
	Microsoft::Applications::Events::GUID_t::GUID_t [0x00A36785+38917]
	Microsoft::Applications::Events::GUID_t::GUID_t [0x00A34239+29369]
	Microsoft::Applications::Events::GUID_t::GUID_t [0x00A5E3D5+201813]
	Microsoft::Applications::Events::GUID_t::GUID_t [0x00A5DDFE+200318]
	Microsoft::Applications::Events::GUID_t::GUID_t [0x00A592D6+181078]
	Microsoft::Applications::Events::GUID_t::GUID_t [0x00A3C786+63494]
	Microsoft::Applications::Events::GUID_t::GUID_t [0x00A3D516+66966]
	Microsoft::Applications::Events::ILogManager::DispatchEventBroadcast [0x00E926B5+668677]
	Microsoft::Applications::Events::ILogManager::DispatchEventBroadcast [0x00E05E33+93059]
	Microsoft::Applications::Events::ILogManager::DispatchEventBroadcast [0x00E05AC7+92183]
	Microsoft::Applications::Events::ILogManager::DispatchEventBroadcast [0x00E0997A+108234]
	Microsoft::Applications::Events::ILogManager::DispatchEventBroadcast [0x00E0651A+94826]
	Microsoft::Applications::Events::ISemanticContext::SetTicket [0x00BA1FDB+763563]
	Microsoft::Applications::Events::ISemanticContext::SetTicket [0x00BACB38+807432]
	Microsoft::Applications::Events::ISemanticContext::SetTicket [0x00BACCC2+807826]
	Microsoft::Applications::Events::ISemanticContext::SetTicket [0x00BBF372+883266]
	BaseThreadInitThunk [0x75276359+25]
	RtlGetAppContainerNamedObjectPath [0x77227B74+228]
	RtlGetAppContainerNamedObjectPath [0x77227B44+180]

	at org.openqa.selenium.remote.W3CHandshakeResponse.lambda$errorHandler$0(W3CHandshakeResponse.java:62)
	at org.openqa.selenium.remote.HandshakeResponse.lambda$getResponseFunction$0(HandshakeResponse.java:30)
	at org.openqa.selenium.remote.ProtocolHandshake.lambda$createSession$0(ProtocolHandshake.java:126)
	at java.base/java.util.stream.ReferencePipeline$3$1.accept(ReferencePipeline.java:197)
	at java.base/java.util.Spliterators$ArraySpliterator.tryAdvance(Spliterators.java:1002)
	at java.base/java.util.stream.ReferencePipeline.forEachWithCancel(ReferencePipeline.java:129)
	at java.base/java.util.stream.AbstractPipeline.copyIntoWithCancel(AbstractPipeline.java:527)
	at java.base/java.util.stream.AbstractPipeline.copyInto(AbstractPipeline.java:513)
	at java.base/java.util.stream.AbstractPipeline.wrapAndCopyInto(AbstractPipeline.java:499)
	at java.base/java.util.stream.FindOps$FindOp.evaluateSequential(FindOps.java:150)
	at java.base/java.util.stream.AbstractPipeline.evaluate(AbstractPipeline.java:234)
	at java.base/java.util.stream.ReferencePipeline.findFirst(ReferencePipeline.java:647)
	at org.openqa.selenium.remote.ProtocolHandshake.createSession(ProtocolHandshake.java:128)
	at org.openqa.selenium.remote.ProtocolHandshake.createSession(ProtocolHandshake.java:74)
	at org.openqa.selenium.remote.HttpCommandExecutor.execute(HttpCommandExecutor.java:136)
	at org.openqa.selenium.remote.service.DriverCommandExecutor.execute(DriverCommandExecutor.java:83)
	at org.openqa.selenium.remote.RemoteWebDriver.execute(RemoteWebDriver.java:552)
	at org.openqa.selenium.remote.RemoteWebDriver.startSession(RemoteWebDriver.java:213)
	at org.openqa.selenium.remote.RemoteWebDriver.&lt;init&gt;(RemoteWebDriver.java:131)
	at org.openqa.selenium.edge.EdgeDriver.&lt;init&gt;(EdgeDriver.java:141)
	at org.openqa.selenium.edge.EdgeDriver.&lt;init&gt;(EdgeDriver.java:96)
	at com.Utility.BaseClass.setup(BaseClass.java:38)
	at java.base/java.util.ArrayList.forEach(ArrayList.java:1511)
... Removed 32 stack frames</div></td></tr></table><p class="totop"><a href="#summary">back to summary</a></p>
<h3 id="m2">com.Test.VerifyLoginTest#teardown</h3><table class="result"><tr><th class="invisible"/></tr></table><p class="totop"><a href="#summary">back to summary</a></p>
<h3 id="m3">com.Test.VerifyLoginTest#verify_tc_01_withvalidlogincredential</h3><table class="result"><tr><th>Exception</th></tr><tr><td><div class="stacktrace">org.openqa.selenium.WebDriverException: unknown error: cannot find msedge binary
Build info: version: &apos;3.141.59&apos;, revision: &apos;e82be7d358&apos;, time: &apos;2018-11-14T08:17:03&apos;
System info: host: &apos;DESKTOP-IC95140&apos;, ip: &apos;192.168.1.4&apos;, os.name: &apos;Windows 10&apos;, os.arch: &apos;amd64&apos;, os.version: &apos;10.0&apos;, java.version: &apos;18&apos;
Driver info: driver.version: EdgeDriver
remote stacktrace: Backtrace:
	Microsoft::Applications::Events::EventProperties::unpack [0x00C9B093+58259]
	Microsoft::Applications::Events::ISemanticContext::SetTicket [0x00B902A1+690545]
	Microsoft::Applications::Events::ILogConfiguration::operator* [0x00A1ACEE+3518]
	Microsoft::Applications::Events::GUID_t::GUID_t [0x00A36785+38917]
	Microsoft::Applications::Events::GUID_t::GUID_t [0x00A34239+29369]
	Microsoft::Applications::Events::GUID_t::GUID_t [0x00A5E3D5+201813]
	Microsoft::Applications::Events::GUID_t::GUID_t [0x00A5DDFE+200318]
	Microsoft::Applications::Events::GUID_t::GUID_t [0x00A592D6+181078]
	Microsoft::Applications::Events::GUID_t::GUID_t [0x00A3C786+63494]
	Microsoft::Applications::Events::GUID_t::GUID_t [0x00A3D516+66966]
	Microsoft::Applications::Events::ILogManager::DispatchEventBroadcast [0x00E926B5+668677]
	Microsoft::Applications::Events::ILogManager::DispatchEventBroadcast [0x00E05E33+93059]
	Microsoft::Applications::Events::ILogManager::DispatchEventBroadcast [0x00E05AC7+92183]
	Microsoft::Applications::Events::ILogManager::DispatchEventBroadcast [0x00E0997A+108234]
	Microsoft::Applications::Events::ILogManager::DispatchEventBroadcast [0x00E0651A+94826]
	Microsoft::Applications::Events::ISemanticContext::SetTicket [0x00BA1FDB+763563]
	Microsoft::Applications::Events::ISemanticContext::SetTicket [0x00BACB38+807432]
	Microsoft::Applications::Events::ISemanticContext::SetTicket [0x00BACCC2+807826]
	Microsoft::Applications::Events::ISemanticContext::SetTicket [0x00BBF372+883266]
	BaseThreadInitThunk [0x75276359+25]
	RtlGetAppContainerNamedObjectPath [0x77227B74+228]
	RtlGetAppContainerNamedObjectPath [0x77227B44+180]

	at org.openqa.selenium.remote.W3CHandshakeResponse.lambda$errorHandler$0(W3CHandshakeResponse.java:62)
	at org.openqa.selenium.remote.HandshakeResponse.lambda$getResponseFunction$0(HandshakeResponse.java:30)
	at org.openqa.selenium.remote.ProtocolHandshake.lambda$createSession$0(ProtocolHandshake.java:126)
	at java.base/java.util.stream.ReferencePipeline$3$1.accept(ReferencePipeline.java:197)
	at java.base/java.util.Spliterators$ArraySpliterator.tryAdvance(Spliterators.java:1002)
	at java.base/java.util.stream.ReferencePipeline.forEachWithCancel(ReferencePipeline.java:129)
	at java.base/java.util.stream.AbstractPipeline.copyIntoWithCancel(AbstractPipeline.java:527)
	at java.base/java.util.stream.AbstractPipeline.copyInto(AbstractPipeline.java:513)
	at java.base/java.util.stream.AbstractPipeline.wrapAndCopyInto(AbstractPipeline.java:499)
	at java.base/java.util.stream.FindOps$FindOp.evaluateSequential(FindOps.java:150)
	at java.base/java.util.stream.AbstractPipeline.evaluate(AbstractPipeline.java:234)
	at java.base/java.util.stream.ReferencePipeline.findFirst(ReferencePipeline.java:647)
	at org.openqa.selenium.remote.ProtocolHandshake.createSession(ProtocolHandshake.java:128)
	at org.openqa.selenium.remote.ProtocolHandshake.createSession(ProtocolHandshake.java:74)
	at org.openqa.selenium.remote.HttpCommandExecutor.execute(HttpCommandExecutor.java:136)
	at org.openqa.selenium.remote.service.DriverCommandExecutor.execute(DriverCommandExecutor.java:83)
	at org.openqa.selenium.remote.RemoteWebDriver.execute(RemoteWebDriver.java:552)
	at org.openqa.selenium.remote.RemoteWebDriver.startSession(RemoteWebDriver.java:213)
	at org.openqa.selenium.remote.RemoteWebDriver.&lt;init&gt;(RemoteWebDriver.java:131)
	at org.openqa.selenium.edge.EdgeDriver.&lt;init&gt;(EdgeDriver.java:141)
	at org.openqa.selenium.edge.EdgeDriver.&lt;init&gt;(EdgeDriver.java:96)
	at com.Utility.BaseClass.setup(BaseClass.java:38)
	at java.base/java.util.ArrayList.forEach(ArrayList.java:1511)
... Removed 32 stack frames</div></td></tr></table><p class="totop"><a href="#summary">back to summary</a></p>
</body>
</html>
